
* Info: Selecting the 'perf-low-ppn' engine for node manjaro

* Info: Process launched (host manjaro, process 32799)Accuracy: 92 %

* Info: Process finished (host manjaro, process 32799)
* Info: Callchains info will be incomplete
* Info: Try to recompile your application with -fno-omit-frame-pointer or to rerun with btm=stack
* Info: Dumping samples (host manjaro, process 32799)
* Info: Dumping source info for callchain nodes (host manjaro, process 32799)
* Info: Building/writing metadata (host manjaro)
* Info: Finished collect step (host manjaro, process 32799)

Your experiment path is /home/aaron/python_al/final_reports/pytorch_mnist_report/python3.12.0/tools/lprof_npsu_run_0

To display your profiling results:
########################################################################################################################################################
#    LEVEL    |     REPORT     |                                                        COMMAND                                                        #
########################################################################################################################################################
#  Functions  |  Cluster-wide  |  maqao lprof -df xp=/home/aaron/python_al/final_reports/pytorch_mnist_report/python3.12.0/tools/lprof_npsu_run_0      #
#  Functions  |  Per-node      |  maqao lprof -df -dn xp=/home/aaron/python_al/final_reports/pytorch_mnist_report/python3.12.0/tools/lprof_npsu_run_0  #
#  Functions  |  Per-process   |  maqao lprof -df -dp xp=/home/aaron/python_al/final_reports/pytorch_mnist_report/python3.12.0/tools/lprof_npsu_run_0  #
#  Functions  |  Per-thread    |  maqao lprof -df -dt xp=/home/aaron/python_al/final_reports/pytorch_mnist_report/python3.12.0/tools/lprof_npsu_run_0  #
#  Loops      |  Cluster-wide  |  maqao lprof -dl xp=/home/aaron/python_al/final_reports/pytorch_mnist_report/python3.12.0/tools/lprof_npsu_run_0      #
#  Loops      |  Per-node      |  maqao lprof -dl -dn xp=/home/aaron/python_al/final_reports/pytorch_mnist_report/python3.12.0/tools/lprof_npsu_run_0  #
#  Loops      |  Per-process   |  maqao lprof -dl -dp xp=/home/aaron/python_al/final_reports/pytorch_mnist_report/python3.12.0/tools/lprof_npsu_run_0  #
#  Loops      |  Per-thread    |  maqao lprof -dl -dt xp=/home/aaron/python_al/final_reports/pytorch_mnist_report/python3.12.0/tools/lprof_npsu_run_0  #
########################################################################################################################################################

