
* Info: Selecting the 'perf-low-ppn' engine for node manjaro

* Info: Process launched (host manjaro, process 11072)vector addition result:              [2.0, 2.0, 2.0, 2.0, 2.0]
vector scalar multiplication result: [2.0999999046325684, 2.0999999046325684, 2.0999999046325684, 2.0999999046325684, 2.0999999046325684]
vector dot product result :          16777216.0
matrix transpose result:             [1.0, 1.0, 1.0, 1.0, 1.0]
matrix addition result:              [2.0, 2.0, 2.0, 2.0, 2.0]
matrix scalar multiplication result: [2.0999999046325684, 2.0999999046325684, 2.0999999046325684, 2.0999999046325684, 2.0999999046325684]
matrix vector multiplication result: [500.0, 500.0, 500.0, 500.0, 500.0]
matrix multiply result:              [500.0, 500.0, 500.0, 500.0, 500.0]

* Info: Process finished (host manjaro, process 11072)
* Info: Dumping samples (host manjaro, process 11072)
* Info: Dumping source info for callchain nodes (host manjaro, process 11072)
* Info: Building/writing metadata (host manjaro)
* Info: Finished collect step (host manjaro, process 11072)

Your experiment path is /home/aaron/python_al/final_reports/al_dense_report/cython/tools/lprof_npsu_run_0

To display your profiling results:
#############################################################################################################################################
#    LEVEL    |     REPORT     |                                                  COMMAND                                                   #
#############################################################################################################################################
#  Functions  |  Cluster-wide  |  maqao lprof -df xp=/home/aaron/python_al/final_reports/al_dense_report/cython/tools/lprof_npsu_run_0      #
#  Functions  |  Per-node      |  maqao lprof -df -dn xp=/home/aaron/python_al/final_reports/al_dense_report/cython/tools/lprof_npsu_run_0  #
#  Functions  |  Per-process   |  maqao lprof -df -dp xp=/home/aaron/python_al/final_reports/al_dense_report/cython/tools/lprof_npsu_run_0  #
#  Functions  |  Per-thread    |  maqao lprof -df -dt xp=/home/aaron/python_al/final_reports/al_dense_report/cython/tools/lprof_npsu_run_0  #
#  Loops      |  Cluster-wide  |  maqao lprof -dl xp=/home/aaron/python_al/final_reports/al_dense_report/cython/tools/lprof_npsu_run_0      #
#  Loops      |  Per-node      |  maqao lprof -dl -dn xp=/home/aaron/python_al/final_reports/al_dense_report/cython/tools/lprof_npsu_run_0  #
#  Loops      |  Per-process   |  maqao lprof -dl -dp xp=/home/aaron/python_al/final_reports/al_dense_report/cython/tools/lprof_npsu_run_0  #
#  Loops      |  Per-thread    |  maqao lprof -dl -dt xp=/home/aaron/python_al/final_reports/al_dense_report/cython/tools/lprof_npsu_run_0  #
#############################################################################################################################################

